
                      Design Compiler Graphical
                            DC Ultra (TM)
                             DFTMAX (TM)
                         Power Compiler (TM)
                           DesignWare (R)
                           DC Expert (TM)
                         Design Vision (TM)
                          HDL Compiler (TM)
                         VHDL Compiler (TM)
                            DFT Compiler
                        Library Compiler (TM)
                         Design Compiler(R)

         Version J-2014.09-SP5-2 for RHEL64 -- Jul 11, 2015
               Copyright (c) 1988-2015 Synopsys, Inc.

This software and the associated documentation are confidential and 
proprietary to Synopsys, Inc. Your use or disclosure of this software 
is subject to the terms and conditions of a written license agreement 
between you, or your company, and Synopsys, Inc.

Initializing...
##############################################
# Setup: fill out the following parameters: name of clock signal, clock period (ns),
# reset signal name (if used), name of top-level module, name of source file
set CLK_NAME "clk";
clk
set CLK_PERIOD 1.50;
1.50
set RST_NAME "reset";
reset
set TOP_MOD_NAME "layer_13_16_1_32";
layer_13_16_1_32
set SRC_FILE "layer_13_16_1_32.sv";
layer_13_16_1_32.sv
###############################################
source setupdc.tcl
NangateOpenCellLibrary_typical.db dw_foundation.sldb
file mkdir work_synth
define_design_lib WORK -path work_synth
1
analyze $SRC_FILE -format sverilog
Running PRESTO HDLC
Searching for ./layer_13_16_1_32.sv
Compiling source file ./layer_13_16_1_32.sv
Presto compilation completed successfully.
Loading db file '/home/home4/pmilder/ese507/synthesis/lib/NangateOpenCellLibrary_typical.db'
Loading db file '/usr/local/synopsys/syn/libraries/syn/dw_foundation.sldb'
1
elaborate -work WORK $TOP_MOD_NAME
Loading db file '/usr/local/synopsys/syn/libraries/syn/gtech.db'
Loading db file '/usr/local/synopsys/syn/libraries/syn/standard.sldb'
  Loading link library 'NangateOpenCellLibrary'
  Loading link library 'gtech'
Running PRESTO HDLC
Warning:  ./layer_13_16_1_32.sv:105: signed to unsigned conversion occurs. (VER-318)
Warning:  ./layer_13_16_1_32.sv:124: signed to unsigned conversion occurs. (VER-318)
Warning:  ./layer_13_16_1_32.sv:146: signed to unsigned conversion occurs. (VER-318)
Warning:  ./layer_13_16_1_32.sv:140: signed to unsigned conversion occurs. (VER-318)

Statistics for case statements in always block at line 101 in file
	'./layer_13_16_1_32.sv'
===============================================
|           Line           |  full/ parallel  |
===============================================
|           103            |    auto/auto     |
===============================================

Inferred memory devices in process
	in routine layer_13_16_1_32 line 93 in file
		'./layer_13_16_1_32.sv'.
===============================================================================
|    Register Name    |   Type    | Width | Bus | MB | AR | AS | SR | SS | ST |
===============================================================================
|      state_reg      | Flip-flop |   2   |  Y  | N  | N  | N  | N  | N  | N  |
===============================================================================

Inferred memory devices in process
	in routine layer_13_16_1_32 line 119 in file
		'./layer_13_16_1_32.sv'.
===============================================================================
|    Register Name    |   Type    | Width | Bus | MB | AR | AS | SR | SS | ST |
===============================================================================
|  ram_x_wr_addr_reg  | Flip-flop |   5   |  Y  | N  | N  | N  | N  | N  | N  |
===============================================================================

Inferred memory devices in process
	in routine layer_13_16_1_32 line 132 in file
		'./layer_13_16_1_32.sv'.
===============================================================================
|    Register Name    |   Type    | Width | Bus | MB | AR | AS | SR | SS | ST |
===============================================================================
|  compute_done_reg   | Flip-flop |   1   |  N  | N  | N  | N  | N  | N  | N  |
|  rom_w_rd_addr_reg  | Flip-flop |   8   |  Y  | N  | N  | N  | N  | N  | N  |
|  rom_b_rd_addr_reg  | Flip-flop |   4   |  Y  | N  | N  | N  | N  | N  | N  |
|  ram_x_rd_addr_reg  | Flip-flop |   5   |  Y  | N  | N  | N  | N  | N  | N  |
===============================================================================

Inferred memory devices in process
	in routine layer_13_16_1_32 line 159 in file
		'./layer_13_16_1_32.sv'.
===============================================================================
|    Register Name    |   Type    | Width | Bus | MB | AR | AS | SR | SS | ST |
===============================================================================
|     vec_cnt_reg     | Flip-flop |   5   |  Y  | N  | N  | N  | N  | N  | N  |
|    next_req_reg     | Flip-flop |   1   |  N  | N  | N  | N  | N  | N  | N  |
|  mac_valid_in_reg   | Flip-flop |   1   |  N  | N  | N  | N  | N  | N  | N  |
===============================================================================

Inferred memory devices in process
	in routine layer_13_16_1_32 line 181 in file
		'./layer_13_16_1_32.sv'.
===============================================================================
|    Register Name    |   Type    | Width | Bus | MB | AR | AS | SR | SS | ST |
===============================================================================
|     m_valid_reg     | Flip-flop |   1   |  N  | N  | N  | N  | N  | N  | N  |
===============================================================================
Presto compilation completed successfully.
Elaborated 1 design.
Current design is now 'layer_13_16_1_32'.
Information: Building the design 'memory' instantiated from design 'layer_13_16_1_32' with
	the parameters "WIDTH=32,SIZE=16,LOGSIZE=5". (HDL-193)

Inferred memory devices in process
	in routine memory_WIDTH32_SIZE16_LOGSIZE5 line 588 in file
		'./layer_13_16_1_32.sv'.
===============================================================================
|    Register Name    |   Type    | Width | Bus | MB | AR | AS | SR | SS | ST |
===============================================================================
|    data_out_reg     | Flip-flop |  32   |  Y  | N  | N  | N  | N  | N  | N  |
|       mem_reg       | Flip-flop |  32   |  Y  | N  | N  | N  | N  | N  | N  |
|       mem_reg       | Flip-flop |  32   |  Y  | N  | N  | N  | N  | N  | N  |
|       mem_reg       | Flip-flop |  32   |  Y  | N  | N  | N  | N  | N  | N  |
|       mem_reg       | Flip-flop |  32   |  Y  | N  | N  | N  | N  | N  | N  |
|       mem_reg       | Flip-flop |  32   |  Y  | N  | N  | N  | N  | N  | N  |
|       mem_reg       | Flip-flop |  32   |  Y  | N  | N  | N  | N  | N  | N  |
|       mem_reg       | Flip-flop |  32   |  Y  | N  | N  | N  | N  | N  | N  |
|       mem_reg       | Flip-flop |  32   |  Y  | N  | N  | N  | N  | N  | N  |
|       mem_reg       | Flip-flop |  32   |  Y  | N  | N  | N  | N  | N  | N  |
|       mem_reg       | Flip-flop |  32   |  Y  | N  | N  | N  | N  | N  | N  |
|       mem_reg       | Flip-flop |  32   |  Y  | N  | N  | N  | N  | N  | N  |
|       mem_reg       | Flip-flop |  32   |  Y  | N  | N  | N  | N  | N  | N  |
|       mem_reg       | Flip-flop |  32   |  Y  | N  | N  | N  | N  | N  | N  |
|       mem_reg       | Flip-flop |  32   |  Y  | N  | N  | N  | N  | N  | N  |
|       mem_reg       | Flip-flop |  32   |  Y  | N  | N  | N  | N  | N  | N  |
|       mem_reg       | Flip-flop |  32   |  Y  | N  | N  | N  | N  | N  | N  |
===============================================================================
Statistics for MUX_OPs
=============================================================================
|          block name/line           | Inputs | Outputs | # sel inputs | MB |
=============================================================================
| memory_WIDTH32_SIZE16_LOGSIZE5/589 |   16   |   32    |      4       | N  |
=============================================================================
Presto compilation completed successfully.
Information: Building the design 'layer_13_16_1_32_W_rom'. (HDL-193)
Warning:  ./layer_13_16_1_32.sv:203: unsigned to signed assignment occurs. (VER-318)
Warning:  ./layer_13_16_1_32.sv:204: unsigned to signed assignment occurs. (VER-318)
Warning:  ./layer_13_16_1_32.sv:205: unsigned to signed assignment occurs. (VER-318)
Warning:  ./layer_13_16_1_32.sv:206: unsigned to signed assignment occurs. (VER-318)
Warning:  ./layer_13_16_1_32.sv:207: unsigned to signed assignment occurs. (VER-318)
Warning:  ./layer_13_16_1_32.sv:210: unsigned to signed assignment occurs. (VER-318)
Warning:  ./layer_13_16_1_32.sv:211: unsigned to signed assignment occurs. (VER-318)
Warning:  ./layer_13_16_1_32.sv:212: unsigned to signed assignment occurs. (VER-318)
Warning:  ./layer_13_16_1_32.sv:214: unsigned to signed assignment occurs. (VER-318)
Warning:  ./layer_13_16_1_32.sv:217: unsigned to signed assignment occurs. (VER-318)
Warning:  ./layer_13_16_1_32.sv:218: unsigned to signed assignment occurs. (VER-318)
Warning:  ./layer_13_16_1_32.sv:220: unsigned to signed assignment occurs. (VER-318)
Warning:  ./layer_13_16_1_32.sv:223: unsigned to signed assignment occurs. (VER-318)
Warning:  ./layer_13_16_1_32.sv:229: unsigned to signed assignment occurs. (VER-318)
Warning:  ./layer_13_16_1_32.sv:230: unsigned to signed assignment occurs. (VER-318)
Warning:  ./layer_13_16_1_32.sv:237: unsigned to signed assignment occurs. (VER-318)
Warning:  ./layer_13_16_1_32.sv:238: unsigned to signed assignment occurs. (VER-318)
Warning:  ./layer_13_16_1_32.sv:244: unsigned to signed assignment occurs. (VER-318)
Warning:  ./layer_13_16_1_32.sv:245: unsigned to signed assignment occurs. (VER-318)
Warning:  ./layer_13_16_1_32.sv:246: unsigned to signed assignment occurs. (VER-318)
Warning:  ./layer_13_16_1_32.sv:247: unsigned to signed assignment occurs. (VER-318)
Warning:  ./layer_13_16_1_32.sv:248: unsigned to signed assignment occurs. (VER-318)
Warning:  ./layer_13_16_1_32.sv:252: unsigned to signed assignment occurs. (VER-318)
Warning:  ./layer_13_16_1_32.sv:255: unsigned to signed assignment occurs. (VER-318)
Warning:  ./layer_13_16_1_32.sv:258: unsigned to signed assignment occurs. (VER-318)
Warning:  ./layer_13_16_1_32.sv:261: unsigned to signed assignment occurs. (VER-318)
Warning:  ./layer_13_16_1_32.sv:262: unsigned to signed assignment occurs. (VER-318)
Warning:  ./layer_13_16_1_32.sv:263: unsigned to signed assignment occurs. (VER-318)
Warning:  ./layer_13_16_1_32.sv:264: unsigned to signed assignment occurs. (VER-318)
Warning:  ./layer_13_16_1_32.sv:266: unsigned to signed assignment occurs. (VER-318)
Warning:  ./layer_13_16_1_32.sv:267: unsigned to signed assignment occurs. (VER-318)
Warning:  ./layer_13_16_1_32.sv:269: unsigned to signed assignment occurs. (VER-318)
Warning:  ./layer_13_16_1_32.sv:272: unsigned to signed assignment occurs. (VER-318)
Warning:  ./layer_13_16_1_32.sv:274: unsigned to signed assignment occurs. (VER-318)
Warning:  ./layer_13_16_1_32.sv:275: unsigned to signed assignment occurs. (VER-318)
Warning:  ./layer_13_16_1_32.sv:279: unsigned to signed assignment occurs. (VER-318)
Warning:  ./layer_13_16_1_32.sv:280: unsigned to signed assignment occurs. (VER-318)
Warning:  ./layer_13_16_1_32.sv:281: unsigned to signed assignment occurs. (VER-318)
Warning:  ./layer_13_16_1_32.sv:283: unsigned to signed assignment occurs. (VER-318)
Warning:  ./layer_13_16_1_32.sv:284: unsigned to signed assignment occurs. (VER-318)
Warning:  ./layer_13_16_1_32.sv:286: unsigned to signed assignment occurs. (VER-318)
Warning:  ./layer_13_16_1_32.sv:288: unsigned to signed assignment occurs. (VER-318)
Warning:  ./layer_13_16_1_32.sv:290: unsigned to signed assignment occurs. (VER-318)
Warning:  ./layer_13_16_1_32.sv:291: unsigned to signed assignment occurs. (VER-318)
Warning:  ./layer_13_16_1_32.sv:293: unsigned to signed assignment occurs. (VER-318)
Warning:  ./layer_13_16_1_32.sv:296: unsigned to signed assignment occurs. (VER-318)
Warning:  ./layer_13_16_1_32.sv:298: unsigned to signed assignment occurs. (VER-318)
Warning:  ./layer_13_16_1_32.sv:299: unsigned to signed assignment occurs. (VER-318)
Warning:  ./layer_13_16_1_32.sv:300: unsigned to signed assignment occurs. (VER-318)
Warning:  ./layer_13_16_1_32.sv:303: unsigned to signed assignment occurs. (VER-318)
Warning:  ./layer_13_16_1_32.sv:304: unsigned to signed assignment occurs. (VER-318)
Warning:  ./layer_13_16_1_32.sv:305: unsigned to signed assignment occurs. (VER-318)
Warning:  ./layer_13_16_1_32.sv:307: unsigned to signed assignment occurs. (VER-318)
Warning:  ./layer_13_16_1_32.sv:309: unsigned to signed assignment occurs. (VER-318)
Warning:  ./layer_13_16_1_32.sv:310: unsigned to signed assignment occurs. (VER-318)
Warning:  ./layer_13_16_1_32.sv:313: unsigned to signed assignment occurs. (VER-318)
Warning:  ./layer_13_16_1_32.sv:314: unsigned to signed assignment occurs. (VER-318)
Warning:  ./layer_13_16_1_32.sv:316: unsigned to signed assignment occurs. (VER-318)
Warning:  ./layer_13_16_1_32.sv:320: unsigned to signed assignment occurs. (VER-318)
Warning:  ./layer_13_16_1_32.sv:323: unsigned to signed assignment occurs. (VER-318)
Warning:  ./layer_13_16_1_32.sv:324: unsigned to signed assignment occurs. (VER-318)
Warning:  ./layer_13_16_1_32.sv:325: unsigned to signed assignment occurs. (VER-318)
Warning:  ./layer_13_16_1_32.sv:326: unsigned to signed assignment occurs. (VER-318)
Warning:  ./layer_13_16_1_32.sv:329: unsigned to signed assignment occurs. (VER-318)
Warning:  ./layer_13_16_1_32.sv:332: unsigned to signed assignment occurs. (VER-318)
Warning:  ./layer_13_16_1_32.sv:334: unsigned to signed assignment occurs. (VER-318)
Warning:  ./layer_13_16_1_32.sv:335: unsigned to signed assignment occurs. (VER-318)
Warning:  ./layer_13_16_1_32.sv:339: unsigned to signed assignment occurs. (VER-318)
Warning:  ./layer_13_16_1_32.sv:342: unsigned to signed assignment occurs. (VER-318)
Warning:  ./layer_13_16_1_32.sv:343: unsigned to signed assignment occurs. (VER-318)
Warning:  ./layer_13_16_1_32.sv:344: unsigned to signed assignment occurs. (VER-318)
Warning:  ./layer_13_16_1_32.sv:346: unsigned to signed assignment occurs. (VER-318)
Warning:  ./layer_13_16_1_32.sv:347: unsigned to signed assignment occurs. (VER-318)
Warning:  ./layer_13_16_1_32.sv:354: unsigned to signed assignment occurs. (VER-318)
Warning:  ./layer_13_16_1_32.sv:355: unsigned to signed assignment occurs. (VER-318)
Warning:  ./layer_13_16_1_32.sv:357: unsigned to signed assignment occurs. (VER-318)
Warning:  ./layer_13_16_1_32.sv:364: unsigned to signed assignment occurs. (VER-318)
Warning:  ./layer_13_16_1_32.sv:366: unsigned to signed assignment occurs. (VER-318)
Warning:  ./layer_13_16_1_32.sv:368: unsigned to signed assignment occurs. (VER-318)
Warning:  ./layer_13_16_1_32.sv:370: unsigned to signed assignment occurs. (VER-318)
Warning:  ./layer_13_16_1_32.sv:371: unsigned to signed assignment occurs. (VER-318)
Warning:  ./layer_13_16_1_32.sv:378: unsigned to signed assignment occurs. (VER-318)
Warning:  ./layer_13_16_1_32.sv:379: unsigned to signed assignment occurs. (VER-318)
Warning:  ./layer_13_16_1_32.sv:381: unsigned to signed assignment occurs. (VER-318)
Warning:  ./layer_13_16_1_32.sv:382: unsigned to signed assignment occurs. (VER-318)
Warning:  ./layer_13_16_1_32.sv:385: unsigned to signed assignment occurs. (VER-318)
Warning:  ./layer_13_16_1_32.sv:387: unsigned to signed assignment occurs. (VER-318)
Warning:  ./layer_13_16_1_32.sv:392: unsigned to signed assignment occurs. (VER-318)
Warning:  ./layer_13_16_1_32.sv:393: unsigned to signed assignment occurs. (VER-318)
Warning:  ./layer_13_16_1_32.sv:394: unsigned to signed assignment occurs. (VER-318)
Warning:  ./layer_13_16_1_32.sv:396: unsigned to signed assignment occurs. (VER-318)
Warning:  ./layer_13_16_1_32.sv:400: unsigned to signed assignment occurs. (VER-318)
Warning:  ./layer_13_16_1_32.sv:401: unsigned to signed assignment occurs. (VER-318)
Warning:  ./layer_13_16_1_32.sv:403: unsigned to signed assignment occurs. (VER-318)
Warning:  ./layer_13_16_1_32.sv:404: unsigned to signed assignment occurs. (VER-318)
Warning:  ./layer_13_16_1_32.sv:406: unsigned to signed assignment occurs. (VER-318)
Warning:  ./layer_13_16_1_32.sv:409: unsigned to signed assignment occurs. (VER-318)

Statistics for case statements in always block at line 200 in file
	'./layer_13_16_1_32.sv'
===============================================
|           Line           |  full/ parallel  |
===============================================
|           201            |     no/auto      |
===============================================

Inferred memory devices in process
	in routine layer_13_16_1_32_W_rom line 200 in file
		'./layer_13_16_1_32.sv'.
===============================================================================
|    Register Name    |   Type    | Width | Bus | MB | AR | AS | SR | SS | ST |
===============================================================================
|        z_reg        | Flip-flop |  32   |  Y  | N  | N  | N  | N  | N  | N  |
===============================================================================
Presto compilation completed successfully.
Information: Building the design 'layer_13_16_1_32_B_rom'. (HDL-193)
Warning:  ./layer_13_16_1_32.sv:421: unsigned to signed assignment occurs. (VER-318)
Warning:  ./layer_13_16_1_32.sv:422: unsigned to signed assignment occurs. (VER-318)
Warning:  ./layer_13_16_1_32.sv:423: unsigned to signed assignment occurs. (VER-318)
Warning:  ./layer_13_16_1_32.sv:424: unsigned to signed assignment occurs. (VER-318)
Warning:  ./layer_13_16_1_32.sv:425: unsigned to signed assignment occurs. (VER-318)
Warning:  ./layer_13_16_1_32.sv:426: unsigned to signed assignment occurs. (VER-318)
Warning:  ./layer_13_16_1_32.sv:428: unsigned to signed assignment occurs. (VER-318)
Warning:  ./layer_13_16_1_32.sv:429: unsigned to signed assignment occurs. (VER-318)
Warning:  ./layer_13_16_1_32.sv:431: unsigned to signed assignment occurs. (VER-318)
Warning:  ./layer_13_16_1_32.sv:432: unsigned to signed assignment occurs. (VER-318)

Statistics for case statements in always block at line 418 in file
	'./layer_13_16_1_32.sv'
===============================================
|           Line           |  full/ parallel  |
===============================================
|           419            |     no/auto      |
===============================================

Inferred memory devices in process
	in routine layer_13_16_1_32_B_rom line 418 in file
		'./layer_13_16_1_32.sv'.
===============================================================================
|    Register Name    |   Type    | Width | Bus | MB | AR | AS | SR | SS | ST |
===============================================================================
|        z_reg        | Flip-flop |  32   |  Y  | N  | N  | N  | N  | N  | N  |
===============================================================================
Presto compilation completed successfully.
Information: Building the design 'part3_mac' instantiated from design 'layer_13_16_1_32' with
	the parameters "T=32,NUM_S=1,VEC_S=16". (HDL-193)
Warning:  ./layer_13_16_1_32.sv:558: signed to unsigned conversion occurs. (VER-318)
Warning:  ./layer_13_16_1_32.sv:559: signed to unsigned conversion occurs. (VER-318)
Warning:  ./layer_13_16_1_32.sv:478: signed to unsigned conversion occurs. (VER-318)

Inferred memory devices in process
	in routine part3_mac_T32_NUM_S1_VEC_S16 line 513 in file
		'./layer_13_16_1_32.sv'.
===============================================================================
|    Register Name    |   Type    | Width | Bus | MB | AR | AS | SR | SS | ST |
===============================================================================
|    enable_d_reg     | Flip-flop |   1   |  N  | N  | N  | N  | N  | N  | N  |
|      a_int_reg      | Flip-flop |  32   |  Y  | N  | N  | N  | N  | N  | N  |
|      b_int_reg      | Flip-flop |  32   |  Y  | N  | N  | N  | N  | N  | N  |
|      x_int_reg      | Flip-flop |  32   |  Y  | N  | N  | N  | N  | N  | N  |
===============================================================================

Inferred memory devices in process
	in routine part3_mac_T32_NUM_S1_VEC_S16 line 534 in file
		'./layer_13_16_1_32.sv'.
===============================================================================
|    Register Name    |   Type    | Width | Bus | MB | AR | AS | SR | SS | ST |
===============================================================================
|    enable_f_reg     | Flip-flop |   1   |  N  | N  | N  | N  | N  | N  | N  |
|      d_int_reg      | Flip-flop |  32   |  Y  | N  | N  | N  | N  | N  | N  |
===============================================================================

Inferred memory devices in process
	in routine part3_mac_T32_NUM_S1_VEC_S16 line 550 in file
		'./layer_13_16_1_32.sv'.
===============================================================================
|    Register Name    |   Type    | Width | Bus | MB | AR | AS | SR | SS | ST |
===============================================================================
|     vec_cnt_reg     | Flip-flop |   5   |  Y  | N  | N  | N  | N  | N  | N  |
|        f_reg        | Flip-flop |  32   |  Y  | N  | N  | N  | N  | N  | N  |
|    valid_out_reg    | Flip-flop |   1   |  N  | N  | N  | N  | N  | N  | N  |
===============================================================================

Inferred memory devices in process
	in routine part3_mac_T32_NUM_S1_VEC_S16 line 568 in file
		'./layer_13_16_1_32.sv'.
===============================================================================
|    Register Name    |   Type    | Width | Bus | MB | AR | AS | SR | SS | ST |
===============================================================================
|    overflow_reg     | Flip-flop |   1   |  N  | N  | N  | N  | N  | N  | N  |
===============================================================================
Presto compilation completed successfully.
1
###### CLOCKS AND PORTS #######
set CLK_PORT [get_ports $CLK_NAME]
{clk}
set TMP1 [remove_from_collection [all_inputs] $CLK_PORT]
{reset s_valid m_ready data_in[31] data_in[30] data_in[29] data_in[28] data_in[27] data_in[26] data_in[25] data_in[24] data_in[23] data_in[22] data_in[21] data_in[20] data_in[19] data_in[18] data_in[17] data_in[16] data_in[15] data_in[14] data_in[13] data_in[12] data_in[11] data_in[10] data_in[9] data_in[8] data_in[7] data_in[6] data_in[5] data_in[4] data_in[3] data_in[2] data_in[1] data_in[0]}
set INPUTS [remove_from_collection $TMP1 $RST_NAME]
{s_valid m_ready data_in[31] data_in[30] data_in[29] data_in[28] data_in[27] data_in[26] data_in[25] data_in[24] data_in[23] data_in[22] data_in[21] data_in[20] data_in[19] data_in[18] data_in[17] data_in[16] data_in[15] data_in[14] data_in[13] data_in[12] data_in[11] data_in[10] data_in[9] data_in[8] data_in[7] data_in[6] data_in[5] data_in[4] data_in[3] data_in[2] data_in[1] data_in[0]}
create_clock -period $CLK_PERIOD [get_ports clk]
1
# set delay for inputs to be 0.2ns
set_input_delay 0.2 -max -clock clk $INPUTS
1
set_output_delay 0.2 -max -clock clk [all_outputs]
1
###### OPTIMIZATION #######
set_max_area 0 
1
###### RUN #####
compile_ultra
Information: Performing power optimization. (PWR-850)
Alib files are up-to-date.
Information: Evaluating DesignWare library utilization. (UISN-27)

============================================================================
| DesignWare Building Block Library  |         Version         | Available |
============================================================================
| Basic DW Building Blocks           | J-2014.09-DWBB_201409.5.2 |   *     |
| Licensed DW Building Blocks        | J-2014.09-DWBB_201409.5.2 |   *     |
============================================================================

Information: Sequential output inversion is enabled.  SVF file must be used for formal verification. (OPT-1208)

Information: There are 7 potential problems in your design. Please run 'check_design' for more information. (LINT-99)


Loaded alib file './alib-52/NangateOpenCellLibrary_typical.db.alib'
  Building model 'DW01_NAND2'
Information: Ungrouping hierarchy u_vec_x_mem before Pass 1 (OPT-776)
Information: Ungrouping hierarchy u_b_rom before Pass 1 (OPT-776)
Information: Ungrouping hierarchy u_mac before Pass 1 (OPT-776)
Information: Ungrouping 3 of 5 hierarchies before Pass 1 (OPT-775)
Information: State dependent leakage is now switched from on to off.

  Beginning Pass 1 Mapping
  ------------------------
  Processing 'layer_13_16_1_32'
Information: Added key list 'DesignWare' to design 'layer_13_16_1_32'. (DDB-72)
Information: The register 'state_reg[1]' is a constant and will be removed. (OPT-1206)
Information: In design 'layer_13_16_1_32', the register 'u_b_rom/z_reg[30]' is removed because it is merged to 'u_b_rom/z_reg[31]'. (OPT-1215)
Information: In design 'layer_13_16_1_32', the register 'u_b_rom/z_reg[29]' is removed because it is merged to 'u_b_rom/z_reg[31]'. (OPT-1215)
Information: In design 'layer_13_16_1_32', the register 'u_b_rom/z_reg[28]' is removed because it is merged to 'u_b_rom/z_reg[31]'. (OPT-1215)
Information: In design 'layer_13_16_1_32', the register 'u_b_rom/z_reg[27]' is removed because it is merged to 'u_b_rom/z_reg[31]'. (OPT-1215)
Information: In design 'layer_13_16_1_32', the register 'u_b_rom/z_reg[26]' is removed because it is merged to 'u_b_rom/z_reg[31]'. (OPT-1215)
Information: In design 'layer_13_16_1_32', the register 'u_b_rom/z_reg[25]' is removed because it is merged to 'u_b_rom/z_reg[31]'. (OPT-1215)
Information: In design 'layer_13_16_1_32', the register 'u_b_rom/z_reg[24]' is removed because it is merged to 'u_b_rom/z_reg[31]'. (OPT-1215)
Information: In design 'layer_13_16_1_32', the register 'u_b_rom/z_reg[23]' is removed because it is merged to 'u_b_rom/z_reg[31]'. (OPT-1215)
Information: In design 'layer_13_16_1_32', the register 'u_b_rom/z_reg[22]' is removed because it is merged to 'u_b_rom/z_reg[31]'. (OPT-1215)
Information: In design 'layer_13_16_1_32', the register 'u_b_rom/z_reg[21]' is removed because it is merged to 'u_b_rom/z_reg[31]'. (OPT-1215)
Information: In design 'layer_13_16_1_32', the register 'u_b_rom/z_reg[20]' is removed because it is merged to 'u_b_rom/z_reg[31]'. (OPT-1215)
Information: In design 'layer_13_16_1_32', the register 'u_b_rom/z_reg[19]' is removed because it is merged to 'u_b_rom/z_reg[31]'. (OPT-1215)
Information: In design 'layer_13_16_1_32', the register 'u_b_rom/z_reg[18]' is removed because it is merged to 'u_b_rom/z_reg[31]'. (OPT-1215)
Information: In design 'layer_13_16_1_32', the register 'u_b_rom/z_reg[17]' is removed because it is merged to 'u_b_rom/z_reg[31]'. (OPT-1215)
Information: In design 'layer_13_16_1_32', the register 'u_b_rom/z_reg[16]' is removed because it is merged to 'u_b_rom/z_reg[31]'. (OPT-1215)
Information: In design 'layer_13_16_1_32', the register 'u_b_rom/z_reg[15]' is removed because it is merged to 'u_b_rom/z_reg[31]'. (OPT-1215)
 Implement Synthetic for 'layer_13_16_1_32'.
  Processing 'layer_13_16_1_32_W_rom'
Information: In design 'layer_13_16_1_32_W_rom', the register 'z_reg[16]' is removed because it is merged to 'z_reg[15]'. (OPT-1215)
Information: In design 'layer_13_16_1_32_W_rom', the register 'z_reg[17]' is removed because it is merged to 'z_reg[15]'. (OPT-1215)
Information: In design 'layer_13_16_1_32_W_rom', the register 'z_reg[18]' is removed because it is merged to 'z_reg[15]'. (OPT-1215)
Information: In design 'layer_13_16_1_32_W_rom', the register 'z_reg[19]' is removed because it is merged to 'z_reg[15]'. (OPT-1215)
Information: In design 'layer_13_16_1_32_W_rom', the register 'z_reg[20]' is removed because it is merged to 'z_reg[15]'. (OPT-1215)
Information: In design 'layer_13_16_1_32_W_rom', the register 'z_reg[21]' is removed because it is merged to 'z_reg[15]'. (OPT-1215)
Information: In design 'layer_13_16_1_32_W_rom', the register 'z_reg[22]' is removed because it is merged to 'z_reg[15]'. (OPT-1215)
Information: In design 'layer_13_16_1_32_W_rom', the register 'z_reg[23]' is removed because it is merged to 'z_reg[15]'. (OPT-1215)
Information: In design 'layer_13_16_1_32_W_rom', the register 'z_reg[24]' is removed because it is merged to 'z_reg[15]'. (OPT-1215)
Information: In design 'layer_13_16_1_32_W_rom', the register 'z_reg[25]' is removed because it is merged to 'z_reg[15]'. (OPT-1215)
Information: In design 'layer_13_16_1_32_W_rom', the register 'z_reg[26]' is removed because it is merged to 'z_reg[15]'. (OPT-1215)
Information: In design 'layer_13_16_1_32_W_rom', the register 'z_reg[27]' is removed because it is merged to 'z_reg[15]'. (OPT-1215)
Information: In design 'layer_13_16_1_32_W_rom', the register 'z_reg[28]' is removed because it is merged to 'z_reg[15]'. (OPT-1215)
Information: In design 'layer_13_16_1_32_W_rom', the register 'z_reg[29]' is removed because it is merged to 'z_reg[15]'. (OPT-1215)
Information: In design 'layer_13_16_1_32_W_rom', the register 'z_reg[30]' is removed because it is merged to 'z_reg[15]'. (OPT-1215)
Information: In design 'layer_13_16_1_32_W_rom', the register 'z_reg[31]' is removed because it is merged to 'z_reg[15]'. (OPT-1215)
 Implement Synthetic for 'layer_13_16_1_32_W_rom'.

  Updating timing information
Information: Updating design information... (UID-85)

  Beginning Mapping Optimizations  (Ultra High effort)
  -------------------------------
  Mapping Optimization (Phase 1)
Information: The register 'u_mac/vec_cnt_reg[4]' is a constant and will be removed. (OPT-1206)
Information: The register 'ram_x_wr_addr_reg[4]' is a constant and will be removed. (OPT-1206)
Information: The register 'ram_x_rd_addr_reg[4]' is a constant and will be removed. (OPT-1206)

                                  TOTAL                                                
   ELAPSED            WORST NEG   SETUP    DESIGN                              LEAKAGE 
    TIME      AREA      SLACK     COST    RULE COST         ENDPOINT            POWER  
  --------- --------- --------- --------- --------- ------------------------- ---------
    0:00:12    9769.4      0.46       3.1      16.9                           219839.2656
    0:00:12    9769.4      0.46       3.1      16.9                           219839.2656
    0:00:12    9769.4      0.46       3.1      16.9                           219839.2656
    0:00:12    9767.8      0.46       3.1      16.9                           219766.4062
  Re-synthesis Optimization (Phase 1)
  Re-synthesis Optimization (Phase 2)
  Global Optimization (Phase 1)
  Global Optimization (Phase 2)
  Global Optimization (Phase 3)
  Global Optimization (Phase 4)
  Global Optimization (Phase 5)
  Global Optimization (Phase 6)
  Global Optimization (Phase 7)
  Global Optimization (Phase 8)
  Global Optimization (Phase 9)
  Global Optimization (Phase 10)
  Global Optimization (Phase 11)
  Global Optimization (Phase 12)
  Global Optimization (Phase 13)
  Global Optimization (Phase 14)
  Global Optimization (Phase 15)
  Global Optimization (Phase 16)
  Global Optimization (Phase 17)
  Global Optimization (Phase 18)
  Global Optimization (Phase 19)
  Global Optimization (Phase 20)
  Global Optimization (Phase 21)
  Global Optimization (Phase 22)
  Global Optimization (Phase 23)
  Global Optimization (Phase 24)
  Global Optimization (Phase 25)
  Global Optimization (Phase 26)
  Global Optimization (Phase 27)
  Global Optimization (Phase 28)
  Global Optimization (Phase 29)
  Global Optimization (Phase 30)
  Global Optimization (Phase 31)
  Mapping 'layer_13_16_1_32_DW_mult_uns_1'
    0:00:16    8754.9      0.01       0.0      19.0                           182539.1719



  Beginning Delay Optimization Phase
  ----------------------------------

                                  TOTAL                                                
   ELAPSED            WORST NEG   SETUP    DESIGN                              LEAKAGE 
    TIME      AREA      SLACK     COST    RULE COST         ENDPOINT            POWER  
  --------- --------- --------- --------- --------- ------------------------- ---------
    0:00:16    8754.9      0.01       0.0      19.0                           182539.1719
    0:00:16    8754.9      0.01       0.0      19.0                           182539.1719
    0:00:17    8756.2      0.01       0.0      19.0                           182636.3594
    0:00:17    8756.2      0.01       0.0      19.0                           182636.3594
    0:00:17    8757.0      0.00       0.0      19.0                           182621.1875
    0:00:17    8757.0      0.00       0.0      19.0                           182621.1875
    0:00:17    8757.0      0.00       0.0      19.0                           182621.1875
    0:00:17    8757.0      0.00       0.0      19.0                           182621.1875
    0:00:17    8757.0      0.00       0.0      19.0                           182621.1875
    0:00:17    8757.0      0.00       0.0      19.0                           182621.1875
    0:00:17    8757.0      0.00       0.0      19.0                           182621.1875
    0:00:17    8757.0      0.00       0.0      19.0                           182621.1875
    0:00:17    8757.0      0.00       0.0      19.0                           182621.1875

  Beginning Delay Optimization
  ----------------------------
    0:00:17    8757.0      0.00       0.0      19.0                           182621.1875
    0:00:17    8757.0      0.00       0.0      19.0                           182621.1875
    0:00:17    8757.0      0.00       0.0      19.0                           182621.1875
    0:00:17    8757.0      0.00       0.0      19.0                           182621.1875
    0:00:17    8757.0      0.00       0.0      19.0                           182621.1875
    0:00:17    8757.0      0.00       0.0      19.0                           182621.1875
    0:00:17    8757.0      0.00       0.0      19.0                           182621.1875
    0:00:17    8757.0      0.00       0.0      19.0                           182621.1875


  Beginning Design Rule Fixing  (max_capacitance)
  ----------------------------

                                  TOTAL                                                
   ELAPSED            WORST NEG   SETUP    DESIGN                              LEAKAGE 
    TIME      AREA      SLACK     COST    RULE COST         ENDPOINT            POWER  
  --------- --------- --------- --------- --------- ------------------------- ---------
    0:00:17    8757.0      0.00       0.0      19.0                           182621.1875
  Global Optimization (Phase 32)
  Global Optimization (Phase 33)
  Global Optimization (Phase 34)
    0:00:17    8758.8      0.00       0.0       0.0                           182700.0000
    0:00:17    8758.8      0.00       0.0       0.0                           182700.0000

                                  TOTAL                                                
   ELAPSED            WORST NEG   SETUP    DESIGN                              LEAKAGE 
    TIME      AREA      SLACK     COST    RULE COST         ENDPOINT            POWER  
  --------- --------- --------- --------- --------- ------------------------- ---------
    0:00:17    8758.8      0.00       0.0       0.0                           182700.0000
    0:00:17    8758.8      0.00       0.0       0.0                           182700.0000


  Beginning Leakage Power Optimization  (max_leakage_power 0)
  ------------------------------------

                                  TOTAL                                                
   ELAPSED            WORST NEG   SETUP    DESIGN                              LEAKAGE 
    TIME      AREA      SLACK     COST    RULE COST         ENDPOINT            POWER  
  --------- --------- --------- --------- --------- ------------------------- ---------
    0:00:17    8756.7      0.00       0.0       0.0                           182662.2969
  Global Optimization (Phase 35)
  Global Optimization (Phase 36)
  Global Optimization (Phase 37)
  Global Optimization (Phase 38)
  Global Optimization (Phase 39)
  Global Optimization (Phase 40)
  Global Optimization (Phase 41)
  Global Optimization (Phase 42)
  Global Optimization (Phase 43)
  Global Optimization (Phase 44)
  Global Optimization (Phase 45)
  Global Optimization (Phase 46)
  Global Optimization (Phase 47)
  Global Optimization (Phase 48)
    0:00:18    8700.3      0.00       0.0       0.0                           180435.6875
    0:00:18    8700.3      0.00       0.0       0.0                           180435.6875
    0:00:18    8700.3      0.00       0.0       0.0                           180435.6875
    0:00:18    8700.3      0.00       0.0       0.0                           180435.6875
    0:00:18    8700.3      0.00       0.0       0.0                           180435.6875
    0:00:18    8700.3      0.00       0.0       0.0                           180435.6875
    0:00:18    8700.3      0.00       0.0       0.0                           180435.6875
    0:00:18    8700.3      0.00       0.0       0.0                           180435.6875
    0:00:18    8700.3      0.00       0.0       0.0                           180435.6875
    0:00:18    8700.3      0.00       0.0       0.0                           180435.6875
    0:00:18    8700.3      0.00       0.0       0.0                           180435.6875
    0:00:18    8700.3      0.00       0.0       0.0                           180435.6875
    0:00:18    8700.3      0.00       0.0       0.0                           180435.6875
    0:00:18    8700.3      0.00       0.0       0.0                           180435.6875
    0:00:18    8700.3      0.00       0.0       0.0                           180435.6875
    0:00:18    8700.3      0.00       0.0       0.0                           180435.6875
    0:00:18    8700.3      0.00       0.0       0.0                           180435.6875
    0:00:18    8700.3      0.00       0.0       0.0                           180435.6875
    0:00:18    8700.3      0.00       0.0       0.0                           180435.6875
    0:00:18    8700.3      0.00       0.0       0.0                           180435.6875
    0:00:18    8700.3      0.00       0.0       0.0                           180435.6875
    0:00:18    8700.3      0.00       0.0       0.0                           180435.6875

                                  TOTAL                                                
   ELAPSED            WORST NEG   SETUP    DESIGN                              LEAKAGE 
    TIME      AREA      SLACK     COST    RULE COST         ENDPOINT            POWER  
  --------- --------- --------- --------- --------- ------------------------- ---------
    0:00:18    8700.3      0.00       0.0       0.0                           180435.6875
    0:00:19    8697.7      0.00       0.0       0.0                           180366.5000
    0:00:19    8697.7      0.00       0.0       0.0                           180366.5000
    0:00:19    8697.7      0.00       0.0       0.0                           180366.5000
    0:00:19    8697.7      0.00       0.0       0.0                           180366.5000
    0:00:19    8690.2      0.00       0.0       0.0                           180050.0469
    0:00:19    8690.2      0.00       0.0       0.0                           180050.0469
    0:00:19    8687.8      0.00       0.0       0.0                           179939.3281
Loading db file '/home/home4/pmilder/ese507/synthesis/lib/NangateOpenCellLibrary_typical.db'


Note: Symbol # after min delay cost means estimated hold TNS across all active scenarios 


  Optimization Complete
  ---------------------
Information: State dependent leakage is now switched from off to on.
Information: Propagating switching activity (low effort zero delay simulation). (PWR-6)
1
report_area
 
****************************************
Report : area
Design : layer_13_16_1_32
Version: J-2014.09-SP5-2
Date   : Sun Nov 12 21:59:45 2017
****************************************

Information: Updating design information... (UID-85)
Library(s) Used:

    NangateOpenCellLibrary (File: /home/home4/pmilder/ese507/synthesis/lib/NangateOpenCellLibrary_typical.db)

Number of ports:                           70
Number of nets:                          4811
Number of cells:                         4449
Number of combinational cells:           3691
Number of sequential cells:               757
Number of macros/black boxes:               0
Number of buf/inv:                        927
Number of references:                      38

Combinational area:               5189.128048
Buf/Inv area:                      572.698004
Noncombinational area:            3498.697874
Macro/Black Box area:                0.000000
Net Interconnect area:      undefined  (Wire load has zero net area)

Total cell area:                  8687.825921
Total area:                 undefined
1
report_power
 
****************************************
Report : power
        -analysis_effort low
Design : layer_13_16_1_32
Version: J-2014.09-SP5-2
Date   : Sun Nov 12 21:59:45 2017
****************************************


Library(s) Used:

    NangateOpenCellLibrary (File: /home/home4/pmilder/ese507/synthesis/lib/NangateOpenCellLibrary_typical.db)


Operating Conditions: typical   Library: NangateOpenCellLibrary
Wire Load Model Mode: top

Design        Wire Load Model            Library
------------------------------------------------
layer_13_16_1_32       5K_hvratio_1_1    NangateOpenCellLibrary


Global Operating Voltage = 1.1  
Power-specific unit information :
    Voltage Units = 1V
    Capacitance Units = 1.000000ff
    Time Units = 1ns
    Dynamic Power Units = 1uW    (derived from V,C,T units)
    Leakage Power Units = 1nW


  Cell Internal Power  =   2.5220 mW   (93%)
  Net Switching Power  = 178.1343 uW    (7%)
                         ---------
Total Dynamic Power    =   2.7001 mW  (100%)

Cell Leakage Power     = 183.8075 uW


                 Internal         Switching           Leakage            Total
Power Group      Power            Power               Power              Power   (   %    )  Attrs
--------------------------------------------------------------------------------------------------
io_pad             0.0000            0.0000            0.0000            0.0000  (   0.00%)
memory             0.0000            0.0000            0.0000            0.0000  (   0.00%)
black_box          0.0000            0.0000            0.0000            0.0000  (   0.00%)
clock_network      0.0000            0.0000            0.0000            0.0000  (   0.00%)
register       2.4206e+03           25.1547        6.0787e+04        2.5065e+03  (  86.91%)
sequential         0.0000            0.0000            0.0000            0.0000  (   0.00%)
combinational    101.3764          152.9798        1.2302e+05          377.3767  (  13.09%)
--------------------------------------------------------------------------------------------------
Total          2.5220e+03 uW       178.1345 uW     1.8381e+05 nW     2.8839e+03 uW
1
report_timing
 
****************************************
Report : timing
        -path full
        -delay max
        -max_paths 1
Design : layer_13_16_1_32
Version: J-2014.09-SP5-2
Date   : Sun Nov 12 21:59:45 2017
****************************************

Operating Conditions: typical   Library: NangateOpenCellLibrary
Wire Load Model Mode: top

  Startpoint: u_mac/a_int_reg[13]
              (rising edge-triggered flip-flop clocked by clk)
  Endpoint: u_mac/d_int_reg[30]
            (rising edge-triggered flip-flop clocked by clk)
  Path Group: clk
  Path Type: max

  Des/Clust/Port     Wire Load Model       Library
  ------------------------------------------------
  layer_13_16_1_32   5K_hvratio_1_1        NangateOpenCellLibrary

  Point                                    Incr       Path
  -----------------------------------------------------------
  clock clk (rise edge)                    0.00       0.00
  clock network delay (ideal)              0.00       0.00
  u_mac/a_int_reg[13]/CK (DFF_X1)          0.00       0.00 r
  u_mac/a_int_reg[13]/Q (DFF_X1)           0.14       0.14 r
  U2179/ZN (XNOR2_X1)                      0.07       0.21 f
  U2073/ZN (NAND2_X1)                      0.13       0.34 r
  U2549/ZN (OAI22_X1)                      0.07       0.41 f
  U2610/CO (FA_X1)                         0.11       0.52 f
  U2738/CO (FA_X1)                         0.11       0.62 f
  U2766/CO (FA_X1)                         0.10       0.73 f
  U2983/CO (FA_X1)                         0.09       0.82 f
  U2990/CO (FA_X1)                         0.10       0.92 f
  U2985/Z (XOR2_X1)                        0.08       0.99 f
  U2986/Z (XOR2_X1)                        0.08       1.07 f
  U2987/ZN (INV_X1)                        0.03       1.10 r
  U2992/ZN (NAND2_X1)                      0.03       1.13 f
  U3113/ZN (NAND2_X1)                      0.03       1.16 r
  U3115/ZN (NAND2_X1)                      0.03       1.20 f
  U3116/ZN (NAND3_X1)                      0.03       1.23 r
  U3122/ZN (NAND2_X1)                      0.03       1.26 f
  U4096/ZN (AOI21_X1)                      0.04       1.31 r
  U4097/ZN (OAI21_X1)                      0.04       1.34 f
  U4099/ZN (XNOR2_X1)                      0.05       1.40 f
  U4100/ZN (NAND2_X1)                      0.03       1.43 r
  U4102/ZN (NAND2_X1)                      0.03       1.45 f
  u_mac/d_int_reg[30]/D (DFF_X1)           0.01       1.46 f
  data arrival time                                   1.46

  clock clk (rise edge)                    1.50       1.50
  clock network delay (ideal)              0.00       1.50
  u_mac/d_int_reg[30]/CK (DFF_X1)          0.00       1.50 r
  library setup time                      -0.04       1.46
  data required time                                  1.46
  -----------------------------------------------------------
  data required time                                  1.46
  data arrival time                                  -1.46
  -----------------------------------------------------------
  slack (MET)                                         0.00


1
write -f verilog $TOP_MOD_NAME -output gates.v -hierarchy
Writing verilog file '/home/home5/aahangar/proj3/part1/gates.v'.
Warning: Verilog writer has added 16 nets to module layer_13_16_1_32 using SYNOPSYS_UNCONNECTED_ as prefix.  Please use the change_names command to make the correct changes before invoking the verilog writer.  (VO-11)
Warning: Verilog 'assign' or 'tran' statements are written out. (VO-4)
1
quit

Thank you...
