
                      Design Compiler Graphical
                            DC Ultra (TM)
                             DFTMAX (TM)
                         Power Compiler (TM)
                           DesignWare (R)
                           DC Expert (TM)
                         Design Vision (TM)
                          HDL Compiler (TM)
                         VHDL Compiler (TM)
                            DFT Compiler
                        Library Compiler (TM)
                         Design Compiler(R)

         Version J-2014.09-SP5-2 for RHEL64 -- Jul 11, 2015
               Copyright (c) 1988-2015 Synopsys, Inc.

This software and the associated documentation are confidential and 
proprietary to Synopsys, Inc. Your use or disclosure of this software 
is subject to the terms and conditions of a written license agreement 
between you, or your company, and Synopsys, Inc.

Initializing...
##############################################
# Setup: fill out the following parameters: name of clock signal, clock period (ns),
# reset signal name (if used), name of top-level module, name of source file
set CLK_NAME "clk";
clk
set CLK_PERIOD 1.10;
1.10
set RST_NAME "reset";
reset
set TOP_MOD_NAME "layer_16_12_1_20";
layer_16_12_1_20
set SRC_FILE "layer_16_12_1_20.sv";
layer_16_12_1_20.sv
###############################################
source setupdc.tcl
NangateOpenCellLibrary_typical.db dw_foundation.sldb
file mkdir work_synth
define_design_lib WORK -path work_synth
1
analyze $SRC_FILE -format sverilog
Running PRESTO HDLC
Searching for ./layer_16_12_1_20.sv
Compiling source file ./layer_16_12_1_20.sv
Presto compilation completed successfully.
Loading db file '/home/home4/pmilder/ese507/synthesis/lib/NangateOpenCellLibrary_typical.db'
Loading db file '/usr/local/synopsys/syn/libraries/syn/dw_foundation.sldb'
1
elaborate -work WORK $TOP_MOD_NAME
Loading db file '/usr/local/synopsys/syn/libraries/syn/gtech.db'
Loading db file '/usr/local/synopsys/syn/libraries/syn/standard.sldb'
  Loading link library 'NangateOpenCellLibrary'
  Loading link library 'gtech'
Running PRESTO HDLC
Warning:  ./layer_16_12_1_20.sv:105: signed to unsigned conversion occurs. (VER-318)
Warning:  ./layer_16_12_1_20.sv:124: signed to unsigned conversion occurs. (VER-318)
Warning:  ./layer_16_12_1_20.sv:146: signed to unsigned conversion occurs. (VER-318)
Warning:  ./layer_16_12_1_20.sv:140: signed to unsigned conversion occurs. (VER-318)

Statistics for case statements in always block at line 101 in file
	'./layer_16_12_1_20.sv'
===============================================
|           Line           |  full/ parallel  |
===============================================
|           103            |    auto/auto     |
===============================================

Inferred memory devices in process
	in routine layer_16_12_1_20 line 93 in file
		'./layer_16_12_1_20.sv'.
===============================================================================
|    Register Name    |   Type    | Width | Bus | MB | AR | AS | SR | SS | ST |
===============================================================================
|      state_reg      | Flip-flop |   2   |  Y  | N  | N  | N  | N  | N  | N  |
===============================================================================

Inferred memory devices in process
	in routine layer_16_12_1_20 line 119 in file
		'./layer_16_12_1_20.sv'.
===============================================================================
|    Register Name    |   Type    | Width | Bus | MB | AR | AS | SR | SS | ST |
===============================================================================
|  ram_x_wr_addr_reg  | Flip-flop |   4   |  Y  | N  | N  | N  | N  | N  | N  |
===============================================================================

Inferred memory devices in process
	in routine layer_16_12_1_20 line 132 in file
		'./layer_16_12_1_20.sv'.
===============================================================================
|    Register Name    |   Type    | Width | Bus | MB | AR | AS | SR | SS | ST |
===============================================================================
|  compute_done_reg   | Flip-flop |   1   |  N  | N  | N  | N  | N  | N  | N  |
|  rom_w_rd_addr_reg  | Flip-flop |   8   |  Y  | N  | N  | N  | N  | N  | N  |
|  rom_b_rd_addr_reg  | Flip-flop |   4   |  Y  | N  | N  | N  | N  | N  | N  |
|  ram_x_rd_addr_reg  | Flip-flop |   4   |  Y  | N  | N  | N  | N  | N  | N  |
===============================================================================

Inferred memory devices in process
	in routine layer_16_12_1_20 line 159 in file
		'./layer_16_12_1_20.sv'.
===============================================================================
|    Register Name    |   Type    | Width | Bus | MB | AR | AS | SR | SS | ST |
===============================================================================
|     vec_cnt_reg     | Flip-flop |   4   |  Y  | N  | N  | N  | N  | N  | N  |
|    next_req_reg     | Flip-flop |   1   |  N  | N  | N  | N  | N  | N  | N  |
|  mac_valid_in_reg   | Flip-flop |   1   |  N  | N  | N  | N  | N  | N  | N  |
===============================================================================

Inferred memory devices in process
	in routine layer_16_12_1_20 line 181 in file
		'./layer_16_12_1_20.sv'.
===============================================================================
|    Register Name    |   Type    | Width | Bus | MB | AR | AS | SR | SS | ST |
===============================================================================
|     m_valid_reg     | Flip-flop |   1   |  N  | N  | N  | N  | N  | N  | N  |
===============================================================================
Presto compilation completed successfully.
Elaborated 1 design.
Current design is now 'layer_16_12_1_20'.
Information: Building the design 'memory' instantiated from design 'layer_16_12_1_20' with
	the parameters "WIDTH=20,SIZE=12,LOGSIZE=4". (HDL-193)

Inferred memory devices in process
	in routine memory_WIDTH20_SIZE12_LOGSIZE4 line 575 in file
		'./layer_16_12_1_20.sv'.
===============================================================================
|    Register Name    |   Type    | Width | Bus | MB | AR | AS | SR | SS | ST |
===============================================================================
|    data_out_reg     | Flip-flop |  20   |  Y  | N  | N  | N  | N  | N  | N  |
|       mem_reg       | Flip-flop |  20   |  Y  | N  | N  | N  | N  | N  | N  |
|       mem_reg       | Flip-flop |  20   |  Y  | N  | N  | N  | N  | N  | N  |
|       mem_reg       | Flip-flop |  20   |  Y  | N  | N  | N  | N  | N  | N  |
|       mem_reg       | Flip-flop |  20   |  Y  | N  | N  | N  | N  | N  | N  |
|       mem_reg       | Flip-flop |  20   |  Y  | N  | N  | N  | N  | N  | N  |
|       mem_reg       | Flip-flop |  20   |  Y  | N  | N  | N  | N  | N  | N  |
|       mem_reg       | Flip-flop |  20   |  Y  | N  | N  | N  | N  | N  | N  |
|       mem_reg       | Flip-flop |  20   |  Y  | N  | N  | N  | N  | N  | N  |
|       mem_reg       | Flip-flop |  20   |  Y  | N  | N  | N  | N  | N  | N  |
|       mem_reg       | Flip-flop |  20   |  Y  | N  | N  | N  | N  | N  | N  |
|       mem_reg       | Flip-flop |  20   |  Y  | N  | N  | N  | N  | N  | N  |
|       mem_reg       | Flip-flop |  20   |  Y  | N  | N  | N  | N  | N  | N  |
===============================================================================
Presto compilation completed successfully.
Information: Building the design 'layer_16_12_1_20_W_rom'. (HDL-193)
Warning:  ./layer_16_12_1_20.sv:202: unsigned to signed assignment occurs. (VER-318)
Warning:  ./layer_16_12_1_20.sv:203: unsigned to signed assignment occurs. (VER-318)
Warning:  ./layer_16_12_1_20.sv:206: unsigned to signed assignment occurs. (VER-318)
Warning:  ./layer_16_12_1_20.sv:207: unsigned to signed assignment occurs. (VER-318)
Warning:  ./layer_16_12_1_20.sv:211: unsigned to signed assignment occurs. (VER-318)
Warning:  ./layer_16_12_1_20.sv:213: unsigned to signed assignment occurs. (VER-318)
Warning:  ./layer_16_12_1_20.sv:217: unsigned to signed assignment occurs. (VER-318)
Warning:  ./layer_16_12_1_20.sv:218: unsigned to signed assignment occurs. (VER-318)
Warning:  ./layer_16_12_1_20.sv:219: unsigned to signed assignment occurs. (VER-318)
Warning:  ./layer_16_12_1_20.sv:220: unsigned to signed assignment occurs. (VER-318)
Warning:  ./layer_16_12_1_20.sv:223: unsigned to signed assignment occurs. (VER-318)
Warning:  ./layer_16_12_1_20.sv:224: unsigned to signed assignment occurs. (VER-318)
Warning:  ./layer_16_12_1_20.sv:226: unsigned to signed assignment occurs. (VER-318)
Warning:  ./layer_16_12_1_20.sv:227: unsigned to signed assignment occurs. (VER-318)
Warning:  ./layer_16_12_1_20.sv:230: unsigned to signed assignment occurs. (VER-318)
Warning:  ./layer_16_12_1_20.sv:231: unsigned to signed assignment occurs. (VER-318)
Warning:  ./layer_16_12_1_20.sv:234: unsigned to signed assignment occurs. (VER-318)
Warning:  ./layer_16_12_1_20.sv:236: unsigned to signed assignment occurs. (VER-318)
Warning:  ./layer_16_12_1_20.sv:237: unsigned to signed assignment occurs. (VER-318)
Warning:  ./layer_16_12_1_20.sv:239: unsigned to signed assignment occurs. (VER-318)
Warning:  ./layer_16_12_1_20.sv:240: unsigned to signed assignment occurs. (VER-318)
Warning:  ./layer_16_12_1_20.sv:243: unsigned to signed assignment occurs. (VER-318)
Warning:  ./layer_16_12_1_20.sv:245: unsigned to signed assignment occurs. (VER-318)
Warning:  ./layer_16_12_1_20.sv:247: unsigned to signed assignment occurs. (VER-318)
Warning:  ./layer_16_12_1_20.sv:248: unsigned to signed assignment occurs. (VER-318)
Warning:  ./layer_16_12_1_20.sv:249: unsigned to signed assignment occurs. (VER-318)
Warning:  ./layer_16_12_1_20.sv:252: unsigned to signed assignment occurs. (VER-318)
Warning:  ./layer_16_12_1_20.sv:254: unsigned to signed assignment occurs. (VER-318)
Warning:  ./layer_16_12_1_20.sv:255: unsigned to signed assignment occurs. (VER-318)
Warning:  ./layer_16_12_1_20.sv:257: unsigned to signed assignment occurs. (VER-318)
Warning:  ./layer_16_12_1_20.sv:258: unsigned to signed assignment occurs. (VER-318)
Warning:  ./layer_16_12_1_20.sv:259: unsigned to signed assignment occurs. (VER-318)
Warning:  ./layer_16_12_1_20.sv:262: unsigned to signed assignment occurs. (VER-318)
Warning:  ./layer_16_12_1_20.sv:264: unsigned to signed assignment occurs. (VER-318)
Warning:  ./layer_16_12_1_20.sv:267: unsigned to signed assignment occurs. (VER-318)
Warning:  ./layer_16_12_1_20.sv:268: unsigned to signed assignment occurs. (VER-318)
Warning:  ./layer_16_12_1_20.sv:269: unsigned to signed assignment occurs. (VER-318)
Warning:  ./layer_16_12_1_20.sv:270: unsigned to signed assignment occurs. (VER-318)
Warning:  ./layer_16_12_1_20.sv:271: unsigned to signed assignment occurs. (VER-318)
Warning:  ./layer_16_12_1_20.sv:276: unsigned to signed assignment occurs. (VER-318)
Warning:  ./layer_16_12_1_20.sv:277: unsigned to signed assignment occurs. (VER-318)
Warning:  ./layer_16_12_1_20.sv:278: unsigned to signed assignment occurs. (VER-318)
Warning:  ./layer_16_12_1_20.sv:280: unsigned to signed assignment occurs. (VER-318)
Warning:  ./layer_16_12_1_20.sv:282: unsigned to signed assignment occurs. (VER-318)
Warning:  ./layer_16_12_1_20.sv:283: unsigned to signed assignment occurs. (VER-318)
Warning:  ./layer_16_12_1_20.sv:285: unsigned to signed assignment occurs. (VER-318)
Warning:  ./layer_16_12_1_20.sv:287: unsigned to signed assignment occurs. (VER-318)
Warning:  ./layer_16_12_1_20.sv:289: unsigned to signed assignment occurs. (VER-318)
Warning:  ./layer_16_12_1_20.sv:297: unsigned to signed assignment occurs. (VER-318)
Warning:  ./layer_16_12_1_20.sv:298: unsigned to signed assignment occurs. (VER-318)
Warning:  ./layer_16_12_1_20.sv:302: unsigned to signed assignment occurs. (VER-318)
Warning:  ./layer_16_12_1_20.sv:306: unsigned to signed assignment occurs. (VER-318)
Warning:  ./layer_16_12_1_20.sv:309: unsigned to signed assignment occurs. (VER-318)
Warning:  ./layer_16_12_1_20.sv:310: unsigned to signed assignment occurs. (VER-318)
Warning:  ./layer_16_12_1_20.sv:311: unsigned to signed assignment occurs. (VER-318)
Warning:  ./layer_16_12_1_20.sv:312: unsigned to signed assignment occurs. (VER-318)
Warning:  ./layer_16_12_1_20.sv:313: unsigned to signed assignment occurs. (VER-318)
Warning:  ./layer_16_12_1_20.sv:315: unsigned to signed assignment occurs. (VER-318)
Warning:  ./layer_16_12_1_20.sv:317: unsigned to signed assignment occurs. (VER-318)
Warning:  ./layer_16_12_1_20.sv:318: unsigned to signed assignment occurs. (VER-318)
Warning:  ./layer_16_12_1_20.sv:322: unsigned to signed assignment occurs. (VER-318)
Warning:  ./layer_16_12_1_20.sv:323: unsigned to signed assignment occurs. (VER-318)
Warning:  ./layer_16_12_1_20.sv:325: unsigned to signed assignment occurs. (VER-318)
Warning:  ./layer_16_12_1_20.sv:326: unsigned to signed assignment occurs. (VER-318)
Warning:  ./layer_16_12_1_20.sv:327: unsigned to signed assignment occurs. (VER-318)
Warning:  ./layer_16_12_1_20.sv:331: unsigned to signed assignment occurs. (VER-318)
Warning:  ./layer_16_12_1_20.sv:332: unsigned to signed assignment occurs. (VER-318)
Warning:  ./layer_16_12_1_20.sv:333: unsigned to signed assignment occurs. (VER-318)
Warning:  ./layer_16_12_1_20.sv:337: unsigned to signed assignment occurs. (VER-318)
Warning:  ./layer_16_12_1_20.sv:339: unsigned to signed assignment occurs. (VER-318)
Warning:  ./layer_16_12_1_20.sv:343: unsigned to signed assignment occurs. (VER-318)
Warning:  ./layer_16_12_1_20.sv:344: unsigned to signed assignment occurs. (VER-318)
Warning:  ./layer_16_12_1_20.sv:345: unsigned to signed assignment occurs. (VER-318)
Warning:  ./layer_16_12_1_20.sv:346: unsigned to signed assignment occurs. (VER-318)
Warning:  ./layer_16_12_1_20.sv:347: unsigned to signed assignment occurs. (VER-318)
Warning:  ./layer_16_12_1_20.sv:349: unsigned to signed assignment occurs. (VER-318)
Warning:  ./layer_16_12_1_20.sv:351: unsigned to signed assignment occurs. (VER-318)
Warning:  ./layer_16_12_1_20.sv:352: unsigned to signed assignment occurs. (VER-318)
Warning:  ./layer_16_12_1_20.sv:353: unsigned to signed assignment occurs. (VER-318)
Warning:  ./layer_16_12_1_20.sv:358: unsigned to signed assignment occurs. (VER-318)
Warning:  ./layer_16_12_1_20.sv:359: unsigned to signed assignment occurs. (VER-318)
Warning:  ./layer_16_12_1_20.sv:361: unsigned to signed assignment occurs. (VER-318)
Warning:  ./layer_16_12_1_20.sv:362: unsigned to signed assignment occurs. (VER-318)
Warning:  ./layer_16_12_1_20.sv:364: unsigned to signed assignment occurs. (VER-318)
Warning:  ./layer_16_12_1_20.sv:365: unsigned to signed assignment occurs. (VER-318)
Warning:  ./layer_16_12_1_20.sv:368: unsigned to signed assignment occurs. (VER-318)
Warning:  ./layer_16_12_1_20.sv:369: unsigned to signed assignment occurs. (VER-318)
Warning:  ./layer_16_12_1_20.sv:370: unsigned to signed assignment occurs. (VER-318)
Warning:  ./layer_16_12_1_20.sv:371: unsigned to signed assignment occurs. (VER-318)
Warning:  ./layer_16_12_1_20.sv:372: unsigned to signed assignment occurs. (VER-318)
Warning:  ./layer_16_12_1_20.sv:374: unsigned to signed assignment occurs. (VER-318)
Warning:  ./layer_16_12_1_20.sv:376: unsigned to signed assignment occurs. (VER-318)
Warning:  ./layer_16_12_1_20.sv:377: unsigned to signed assignment occurs. (VER-318)
Warning:  ./layer_16_12_1_20.sv:382: unsigned to signed assignment occurs. (VER-318)
Warning:  ./layer_16_12_1_20.sv:384: unsigned to signed assignment occurs. (VER-318)
Warning:  ./layer_16_12_1_20.sv:385: unsigned to signed assignment occurs. (VER-318)
Warning:  ./layer_16_12_1_20.sv:388: unsigned to signed assignment occurs. (VER-318)
Warning:  ./layer_16_12_1_20.sv:390: unsigned to signed assignment occurs. (VER-318)

Statistics for case statements in always block at line 200 in file
	'./layer_16_12_1_20.sv'
===============================================
|           Line           |  full/ parallel  |
===============================================
|           201            |     no/auto      |
===============================================

Inferred memory devices in process
	in routine layer_16_12_1_20_W_rom line 200 in file
		'./layer_16_12_1_20.sv'.
===============================================================================
|    Register Name    |   Type    | Width | Bus | MB | AR | AS | SR | SS | ST |
===============================================================================
|        z_reg        | Flip-flop |  20   |  Y  | N  | N  | N  | N  | N  | N  |
===============================================================================
Presto compilation completed successfully.
Information: Building the design 'layer_16_12_1_20_B_rom'. (HDL-193)
Warning:  ./layer_16_12_1_20.sv:404: unsigned to signed assignment occurs. (VER-318)
Warning:  ./layer_16_12_1_20.sv:407: unsigned to signed assignment occurs. (VER-318)
Warning:  ./layer_16_12_1_20.sv:408: unsigned to signed assignment occurs. (VER-318)
Warning:  ./layer_16_12_1_20.sv:409: unsigned to signed assignment occurs. (VER-318)
Warning:  ./layer_16_12_1_20.sv:412: unsigned to signed assignment occurs. (VER-318)
Warning:  ./layer_16_12_1_20.sv:414: unsigned to signed assignment occurs. (VER-318)
Warning:  ./layer_16_12_1_20.sv:416: unsigned to signed assignment occurs. (VER-318)
Warning:  ./layer_16_12_1_20.sv:419: unsigned to signed assignment occurs. (VER-318)

Statistics for case statements in always block at line 402 in file
	'./layer_16_12_1_20.sv'
===============================================
|           Line           |  full/ parallel  |
===============================================
|           403            |    auto/auto     |
===============================================

Inferred memory devices in process
	in routine layer_16_12_1_20_B_rom line 402 in file
		'./layer_16_12_1_20.sv'.
===============================================================================
|    Register Name    |   Type    | Width | Bus | MB | AR | AS | SR | SS | ST |
===============================================================================
|        z_reg        | Flip-flop |  20   |  Y  | N  | N  | N  | N  | N  | N  |
===============================================================================
Presto compilation completed successfully.
Information: Building the design 'part3_mac' instantiated from design 'layer_16_12_1_20' with
	the parameters "T=20,NUM_S=1,VEC_S=12". (HDL-193)
Warning:  ./layer_16_12_1_20.sv:545: signed to unsigned conversion occurs. (VER-318)
Warning:  ./layer_16_12_1_20.sv:546: signed to unsigned conversion occurs. (VER-318)
Warning:  ./layer_16_12_1_20.sv:465: signed to unsigned conversion occurs. (VER-318)

Inferred memory devices in process
	in routine part3_mac_T20_NUM_S1_VEC_S12 line 500 in file
		'./layer_16_12_1_20.sv'.
===============================================================================
|    Register Name    |   Type    | Width | Bus | MB | AR | AS | SR | SS | ST |
===============================================================================
|    enable_d_reg     | Flip-flop |   1   |  N  | N  | N  | N  | N  | N  | N  |
|      a_int_reg      | Flip-flop |  20   |  Y  | N  | N  | N  | N  | N  | N  |
|      b_int_reg      | Flip-flop |  20   |  Y  | N  | N  | N  | N  | N  | N  |
|      x_int_reg      | Flip-flop |  20   |  Y  | N  | N  | N  | N  | N  | N  |
===============================================================================

Inferred memory devices in process
	in routine part3_mac_T20_NUM_S1_VEC_S12 line 521 in file
		'./layer_16_12_1_20.sv'.
===============================================================================
|    Register Name    |   Type    | Width | Bus | MB | AR | AS | SR | SS | ST |
===============================================================================
|    enable_f_reg     | Flip-flop |   1   |  N  | N  | N  | N  | N  | N  | N  |
|      d_int_reg      | Flip-flop |  20   |  Y  | N  | N  | N  | N  | N  | N  |
===============================================================================

Inferred memory devices in process
	in routine part3_mac_T20_NUM_S1_VEC_S12 line 537 in file
		'./layer_16_12_1_20.sv'.
===============================================================================
|    Register Name    |   Type    | Width | Bus | MB | AR | AS | SR | SS | ST |
===============================================================================
|     vec_cnt_reg     | Flip-flop |   4   |  Y  | N  | N  | N  | N  | N  | N  |
|        f_reg        | Flip-flop |  20   |  Y  | N  | N  | N  | N  | N  | N  |
|    valid_out_reg    | Flip-flop |   1   |  N  | N  | N  | N  | N  | N  | N  |
===============================================================================

Inferred memory devices in process
	in routine part3_mac_T20_NUM_S1_VEC_S12 line 555 in file
		'./layer_16_12_1_20.sv'.
===============================================================================
|    Register Name    |   Type    | Width | Bus | MB | AR | AS | SR | SS | ST |
===============================================================================
|    overflow_reg     | Flip-flop |   1   |  N  | N  | N  | N  | N  | N  | N  |
===============================================================================
Presto compilation completed successfully.
1
###### CLOCKS AND PORTS #######
set CLK_PORT [get_ports $CLK_NAME]
{clk}
set TMP1 [remove_from_collection [all_inputs] $CLK_PORT]
{reset s_valid m_ready data_in[19] data_in[18] data_in[17] data_in[16] data_in[15] data_in[14] data_in[13] data_in[12] data_in[11] data_in[10] data_in[9] data_in[8] data_in[7] data_in[6] data_in[5] data_in[4] data_in[3] data_in[2] data_in[1] data_in[0]}
set INPUTS [remove_from_collection $TMP1 $RST_NAME]
{s_valid m_ready data_in[19] data_in[18] data_in[17] data_in[16] data_in[15] data_in[14] data_in[13] data_in[12] data_in[11] data_in[10] data_in[9] data_in[8] data_in[7] data_in[6] data_in[5] data_in[4] data_in[3] data_in[2] data_in[1] data_in[0]}
create_clock -period $CLK_PERIOD [get_ports clk]
1
# set delay for inputs to be 0.2ns
set_input_delay 0.2 -max -clock clk $INPUTS
1
set_output_delay 0.2 -max -clock clk [all_outputs]
1
###### OPTIMIZATION #######
set_max_area 0 
1
###### RUN #####
compile_ultra
Information: Performing power optimization. (PWR-850)
Alib files are up-to-date.
Information: Evaluating DesignWare library utilization. (UISN-27)

============================================================================
| DesignWare Building Block Library  |         Version         | Available |
============================================================================
| Basic DW Building Blocks           | J-2014.09-DWBB_201409.5.2 |   *     |
| Licensed DW Building Blocks        | J-2014.09-DWBB_201409.5.2 |   *     |
============================================================================

Information: Sequential output inversion is enabled.  SVF file must be used for formal verification. (OPT-1208)

Information: There are 7 potential problems in your design. Please run 'check_design' for more information. (LINT-99)


Loaded alib file './alib-52/NangateOpenCellLibrary_typical.db.alib'
  Building model 'DW01_NAND2'
Information: Ungrouping hierarchy u_vec_x_mem before Pass 1 (OPT-776)
Information: Ungrouping hierarchy u_b_rom before Pass 1 (OPT-776)
Information: Ungrouping hierarchy u_mac before Pass 1 (OPT-776)
Information: Ungrouping 3 of 5 hierarchies before Pass 1 (OPT-775)
Information: State dependent leakage is now switched from on to off.

  Beginning Pass 1 Mapping
  ------------------------
  Processing 'layer_16_12_1_20'
Information: Added key list 'DesignWare' to design 'layer_16_12_1_20'. (DDB-72)
Information: The register 'state_reg[1]' is a constant and will be removed. (OPT-1206)
Information: In design 'layer_16_12_1_20', the register 'u_b_rom/z_reg[18]' is removed because it is merged to 'u_b_rom/z_reg[19]'. (OPT-1215)
Information: In design 'layer_16_12_1_20', the register 'u_b_rom/z_reg[17]' is removed because it is merged to 'u_b_rom/z_reg[19]'. (OPT-1215)
Information: In design 'layer_16_12_1_20', the register 'u_b_rom/z_reg[16]' is removed because it is merged to 'u_b_rom/z_reg[19]'. (OPT-1215)
Information: In design 'layer_16_12_1_20', the register 'u_b_rom/z_reg[15]' is removed because it is merged to 'u_b_rom/z_reg[19]'. (OPT-1215)
Information: In design 'layer_16_12_1_20', the register 'u_b_rom/z_reg[14]' is removed because it is merged to 'u_b_rom/z_reg[19]'. (OPT-1215)
Information: In design 'layer_16_12_1_20', the register 'u_b_rom/z_reg[13]' is removed because it is merged to 'u_b_rom/z_reg[19]'. (OPT-1215)
Information: In design 'layer_16_12_1_20', the register 'u_b_rom/z_reg[12]' is removed because it is merged to 'u_b_rom/z_reg[19]'. (OPT-1215)
Information: In design 'layer_16_12_1_20', the register 'u_b_rom/z_reg[11]' is removed because it is merged to 'u_b_rom/z_reg[19]'. (OPT-1215)
Information: In design 'layer_16_12_1_20', the register 'u_b_rom/z_reg[10]' is removed because it is merged to 'u_b_rom/z_reg[19]'. (OPT-1215)
Information: In design 'layer_16_12_1_20', the register 'u_b_rom/z_reg[9]' is removed because it is merged to 'u_b_rom/z_reg[19]'. (OPT-1215)
 Implement Synthetic for 'layer_16_12_1_20'.
  Processing 'layer_16_12_1_20_W_rom'
Information: In design 'layer_16_12_1_20_W_rom', the register 'z_reg[10]' is removed because it is merged to 'z_reg[9]'. (OPT-1215)
Information: In design 'layer_16_12_1_20_W_rom', the register 'z_reg[11]' is removed because it is merged to 'z_reg[9]'. (OPT-1215)
Information: In design 'layer_16_12_1_20_W_rom', the register 'z_reg[12]' is removed because it is merged to 'z_reg[9]'. (OPT-1215)
Information: In design 'layer_16_12_1_20_W_rom', the register 'z_reg[13]' is removed because it is merged to 'z_reg[9]'. (OPT-1215)
Information: In design 'layer_16_12_1_20_W_rom', the register 'z_reg[14]' is removed because it is merged to 'z_reg[9]'. (OPT-1215)
Information: In design 'layer_16_12_1_20_W_rom', the register 'z_reg[15]' is removed because it is merged to 'z_reg[9]'. (OPT-1215)
Information: In design 'layer_16_12_1_20_W_rom', the register 'z_reg[16]' is removed because it is merged to 'z_reg[9]'. (OPT-1215)
Information: In design 'layer_16_12_1_20_W_rom', the register 'z_reg[17]' is removed because it is merged to 'z_reg[9]'. (OPT-1215)
Information: In design 'layer_16_12_1_20_W_rom', the register 'z_reg[18]' is removed because it is merged to 'z_reg[9]'. (OPT-1215)
Information: In design 'layer_16_12_1_20_W_rom', the register 'z_reg[19]' is removed because it is merged to 'z_reg[9]'. (OPT-1215)
 Implement Synthetic for 'layer_16_12_1_20_W_rom'.

  Updating timing information
Information: Updating design information... (UID-85)

  Beginning Mapping Optimizations  (Ultra High effort)
  -------------------------------
  Mapping Optimization (Phase 1)

                                  TOTAL                                                
   ELAPSED            WORST NEG   SETUP    DESIGN                              LEAKAGE 
    TIME      AREA      SLACK     COST    RULE COST         ENDPOINT            POWER  
  --------- --------- --------- --------- --------- ------------------------- ---------
    0:00:06    5063.0      0.18       1.8      47.6                           112278.9219
    0:00:06    5063.0      0.18       1.8      47.6                           112278.9219
    0:00:06    5063.0      0.18       1.8      47.6                           112278.9219
    0:00:06    5056.1      0.18       1.8      46.2                           112050.7422
  Re-synthesis Optimization (Phase 1)
  Re-synthesis Optimization (Phase 2)
  Global Optimization (Phase 1)
  Global Optimization (Phase 2)
  Global Optimization (Phase 3)
  Global Optimization (Phase 4)
  Global Optimization (Phase 5)
  Global Optimization (Phase 6)
  Global Optimization (Phase 7)
  Global Optimization (Phase 8)
  Global Optimization (Phase 9)
  Global Optimization (Phase 10)
  Global Optimization (Phase 11)
  Global Optimization (Phase 12)
  Global Optimization (Phase 13)
  Global Optimization (Phase 14)
  Global Optimization (Phase 15)
  Global Optimization (Phase 16)
  Global Optimization (Phase 17)
  Global Optimization (Phase 18)
  Global Optimization (Phase 19)
  Global Optimization (Phase 20)
  Global Optimization (Phase 21)
  Global Optimization (Phase 22)
  Global Optimization (Phase 23)
  Global Optimization (Phase 24)
  Global Optimization (Phase 25)
  Global Optimization (Phase 26)
  Global Optimization (Phase 27)
  Global Optimization (Phase 28)
  Global Optimization (Phase 29)
  Global Optimization (Phase 30)
  Global Optimization (Phase 31)
  Mapping 'layer_16_12_1_20_DW_mult_uns_1'
    0:00:08    4618.3      0.13       0.7       3.6                           95309.1719



  Beginning Delay Optimization Phase
  ----------------------------------

                                  TOTAL                                                
   ELAPSED            WORST NEG   SETUP    DESIGN                              LEAKAGE 
    TIME      AREA      SLACK     COST    RULE COST         ENDPOINT            POWER  
  --------- --------- --------- --------- --------- ------------------------- ---------
    0:00:08    4618.3      0.13       0.7       3.6                           95309.1719
    0:00:08    4618.3      0.13       0.7       3.6                           95309.1719
    0:00:08    4618.3      0.13       0.7       3.6                           95309.1719
    0:00:08    4618.3      0.13       0.7       3.6                           95309.1719
    0:00:09    4621.2      0.10       0.6       3.6                           95423.5000
    0:00:09    4621.2      0.10       0.6       3.6                           95423.5000
    0:00:09    4621.2      0.10       0.6       3.6                           95423.5000
    0:00:09    4621.2      0.10       0.6       3.6                           95423.5000
    0:00:09    4621.2      0.10       0.6       3.6                           95423.5000
    0:00:09    4621.2      0.10       0.6       3.6                           95423.5000
    0:00:09    4729.5      0.06       0.3       3.6                           99092.6250
    0:00:09    4729.5      0.06       0.3       3.6                           99092.6250
    0:00:10    4745.4      0.05       0.3       3.6                           99688.3516

  Beginning Delay Optimization
  ----------------------------
    0:00:10    4739.9      0.04       0.2       3.6                           99559.3906
    0:00:11    4786.7      0.01       0.0       3.6                           101164.6641
    0:00:11    4786.7      0.01       0.0       3.6                           101164.6641
    0:00:11    4786.7      0.01       0.0       3.6                           101164.6641
    0:00:11    4779.2      0.01       0.0       3.6                           100920.6562
    0:00:12    4806.1      0.00       0.0       3.6                           101887.1406
    0:00:12    4806.1      0.00       0.0       3.6                           101887.1406
    0:00:12    4806.4      0.00       0.0       3.6                           101886.3125


  Beginning Design Rule Fixing  (max_capacitance)
  ----------------------------

                                  TOTAL                                                
   ELAPSED            WORST NEG   SETUP    DESIGN                              LEAKAGE 
    TIME      AREA      SLACK     COST    RULE COST         ENDPOINT            POWER  
  --------- --------- --------- --------- --------- ------------------------- ---------
    0:00:12    4806.4      0.00       0.0       3.6                           101886.3125
  Global Optimization (Phase 32)
  Global Optimization (Phase 33)
  Global Optimization (Phase 34)
    0:00:12    4806.4      0.00       0.0       0.0                           101812.0781
    0:00:12    4806.4      0.00       0.0       0.0                           101812.0781

                                  TOTAL                                                
   ELAPSED            WORST NEG   SETUP    DESIGN                              LEAKAGE 
    TIME      AREA      SLACK     COST    RULE COST         ENDPOINT            POWER  
  --------- --------- --------- --------- --------- ------------------------- ---------
    0:00:12    4806.4      0.00       0.0       0.0                           101812.0781
    0:00:13    4791.2      0.00       0.0       0.0                           101367.1328


  Beginning Leakage Power Optimization  (max_leakage_power 0)
  ------------------------------------

                                  TOTAL                                                
   ELAPSED            WORST NEG   SETUP    DESIGN                              LEAKAGE 
    TIME      AREA      SLACK     COST    RULE COST         ENDPOINT            POWER  
  --------- --------- --------- --------- --------- ------------------------- ---------
    0:00:13    4789.6      0.00       0.0       0.0                           101318.4375
  Global Optimization (Phase 35)
  Global Optimization (Phase 36)
  Global Optimization (Phase 37)
  Global Optimization (Phase 38)
  Global Optimization (Phase 39)
  Global Optimization (Phase 40)
  Global Optimization (Phase 41)
  Global Optimization (Phase 42)
  Global Optimization (Phase 43)
  Global Optimization (Phase 44)
  Global Optimization (Phase 45)
  Global Optimization (Phase 46)
  Global Optimization (Phase 47)
  Global Optimization (Phase 48)
    0:00:13    4692.5      0.00       0.0       0.0                           97758.6250
    0:00:13    4692.5      0.00       0.0       0.0                           97758.6250
    0:00:13    4692.5      0.00       0.0       0.0                           97758.6250
    0:00:13    4692.5      0.00       0.0       0.0                           97758.6250
    0:00:13    4692.5      0.00       0.0       0.0                           97758.6250
    0:00:13    4692.5      0.00       0.0       0.0                           97758.6250
    0:00:13    4692.5      0.00       0.0       0.0                           97758.6250
    0:00:13    4692.5      0.00       0.0       0.0                           97758.6250
    0:00:13    4692.5      0.00       0.0       0.0                           97758.6250
    0:00:13    4692.5      0.00       0.0       0.0                           97758.6250
    0:00:13    4692.5      0.00       0.0       0.0                           97758.6250
    0:00:13    4692.5      0.00       0.0       0.0                           97758.6250
    0:00:13    4692.5      0.00       0.0       0.0                           97758.6250
    0:00:13    4692.5      0.00       0.0       0.0                           97758.6250
    0:00:13    4692.5      0.00       0.0       0.0                           97758.6250
    0:00:13    4692.5      0.00       0.0       0.0                           97758.6250
    0:00:13    4692.5      0.00       0.0       0.0                           97758.6250
    0:00:13    4692.5      0.00       0.0       0.0                           97758.6250
    0:00:13    4692.5      0.00       0.0       0.0                           97758.6250
    0:00:13    4692.5      0.00       0.0       0.0                           97758.6250
    0:00:13    4692.5      0.00       0.0       0.0                           97758.6250
    0:00:13    4692.5      0.00       0.0       0.0                           97758.6250

                                  TOTAL                                                
   ELAPSED            WORST NEG   SETUP    DESIGN                              LEAKAGE 
    TIME      AREA      SLACK     COST    RULE COST         ENDPOINT            POWER  
  --------- --------- --------- --------- --------- ------------------------- ---------
    0:00:13    4692.5      0.00       0.0       0.0                           97758.6250
    0:00:13    4688.8      0.00       0.0       0.0                           97557.7109
    0:00:13    4688.8      0.00       0.0       0.0                           97557.7109
    0:00:13    4688.8      0.00       0.0       0.0                           97557.7109
    0:00:14    4688.8      0.00       0.0       0.0                           97557.7109
    0:00:14    4685.9      0.00       0.0       0.0                           97473.2344
    0:00:14    4685.9      0.00       0.0       0.0                           97473.2344
    0:00:14    4684.3      0.00       0.0       0.0                           97383.7891
Loading db file '/home/home4/pmilder/ese507/synthesis/lib/NangateOpenCellLibrary_typical.db'


Note: Symbol # after min delay cost means estimated hold TNS across all active scenarios 


  Optimization Complete
  ---------------------
Information: State dependent leakage is now switched from off to on.
Information: Propagating switching activity (low effort zero delay simulation). (PWR-6)
1
report_area
 
****************************************
Report : area
Design : layer_16_12_1_20
Version: J-2014.09-SP5-2
Date   : Sun Nov 12 21:59:17 2017
****************************************

Information: Updating design information... (UID-85)
Library(s) Used:

    NangateOpenCellLibrary (File: /home/home4/pmilder/ese507/synthesis/lib/NangateOpenCellLibrary_typical.db)

Number of ports:                           46
Number of nets:                          2747
Number of cells:                         2521
Number of combinational cells:           2114
Number of sequential cells:               406
Number of macros/black boxes:               0
Number of buf/inv:                        470
Number of references:                      35

Combinational area:               2802.044013
Buf/Inv area:                      292.600003
Noncombinational area:            1882.215932
Macro/Black Box area:                0.000000
Net Interconnect area:      undefined  (Wire load has zero net area)

Total cell area:                  4684.259945
Total area:                 undefined
1
report_power
 
****************************************
Report : power
        -analysis_effort low
Design : layer_16_12_1_20
Version: J-2014.09-SP5-2
Date   : Sun Nov 12 21:59:17 2017
****************************************


Library(s) Used:

    NangateOpenCellLibrary (File: /home/home4/pmilder/ese507/synthesis/lib/NangateOpenCellLibrary_typical.db)


Operating Conditions: typical   Library: NangateOpenCellLibrary
Wire Load Model Mode: top

Design        Wire Load Model            Library
------------------------------------------------
layer_16_12_1_20       5K_hvratio_1_1    NangateOpenCellLibrary


Global Operating Voltage = 1.1  
Power-specific unit information :
    Voltage Units = 1V
    Capacitance Units = 1.000000ff
    Time Units = 1ns
    Dynamic Power Units = 1uW    (derived from V,C,T units)
    Leakage Power Units = 1nW


  Cell Internal Power  =   1.9675 mW   (92%)
  Net Switching Power  = 181.8749 uW    (8%)
                         ---------
Total Dynamic Power    =   2.1494 mW  (100%)

Cell Leakage Power     =  97.1417 uW


                 Internal         Switching           Leakage            Total
Power Group      Power            Power               Power              Power   (   %    )  Attrs
--------------------------------------------------------------------------------------------------
io_pad             0.0000            0.0000            0.0000            0.0000  (   0.00%)
memory             0.0000            0.0000            0.0000            0.0000  (   0.00%)
black_box          0.0000            0.0000            0.0000            0.0000  (   0.00%)
clock_network      0.0000            0.0000            0.0000            0.0000  (   0.00%)
register       1.8631e+03           29.2485        3.2628e+04        1.9250e+03  (  85.69%)
sequential         0.0000            0.0000            0.0000            0.0000  (   0.00%)
combinational    104.4420          152.6264        6.4514e+04          321.5822  (  14.31%)
--------------------------------------------------------------------------------------------------
Total          1.9675e+03 uW       181.8749 uW     9.7142e+04 nW     2.2466e+03 uW
1
report_timing
 
****************************************
Report : timing
        -path full
        -delay max
        -max_paths 1
Design : layer_16_12_1_20
Version: J-2014.09-SP5-2
Date   : Sun Nov 12 21:59:17 2017
****************************************

Operating Conditions: typical   Library: NangateOpenCellLibrary
Wire Load Model Mode: top

  Startpoint: u_mac/a_int_reg[3]
              (rising edge-triggered flip-flop clocked by clk)
  Endpoint: u_mac/d_int_reg[15]
            (rising edge-triggered flip-flop clocked by clk)
  Path Group: clk
  Path Type: max

  Des/Clust/Port     Wire Load Model       Library
  ------------------------------------------------
  layer_16_12_1_20   5K_hvratio_1_1        NangateOpenCellLibrary

  Point                                    Incr       Path
  -----------------------------------------------------------
  clock clk (rise edge)                    0.00       0.00
  clock network delay (ideal)              0.00       0.00
  u_mac/a_int_reg[3]/CK (DFF_X1)           0.00       0.00 r
  u_mac/a_int_reg[3]/QN (DFF_X1)           0.07       0.07 r
  U1133/Z (BUF_X1)                         0.07       0.14 r
  U1210/ZN (OR2_X1)                        0.05       0.19 r
  U1407/ZN (INV_X1)                        0.02       0.21 f
  U1408/ZN (AND2_X1)                       0.04       0.25 f
  U1422/CO (FA_X1)                         0.10       0.35 f
  U1131/ZN (INV_X1)                        0.04       0.39 r
  U1419/ZN (XNOR2_X1)                      0.06       0.45 r
  U1420/ZN (XNOR2_X1)                      0.06       0.51 r
  U1421/ZN (INV_X1)                        0.02       0.54 f
  U1427/ZN (NAND2_X1)                      0.03       0.57 r
  U1464/ZN (AOI21_X1)                      0.04       0.60 f
  U1475/ZN (OAI21_X1)                      0.06       0.66 r
  U1485/ZN (AOI21_X1)                      0.04       0.70 f
  U1490/ZN (OAI21_X1)                      0.05       0.75 r
  U1494/ZN (AOI21_X1)                      0.04       0.79 f
  U1572/ZN (OAI21_X1)                      0.06       0.86 r
  U2350/ZN (INV_X1)                        0.03       0.89 f
  U2454/ZN (OAI21_X1)                      0.05       0.94 r
  U2457/ZN (XNOR2_X1)                      0.06       0.99 r
  U2458/ZN (AOI22_X1)                      0.03       1.02 f
  U2459/ZN (INV_X1)                        0.03       1.06 r
  u_mac/d_int_reg[15]/D (DFF_X1)           0.01       1.06 r
  data arrival time                                   1.06

  clock clk (rise edge)                    1.10       1.10
  clock network delay (ideal)              0.00       1.10
  u_mac/d_int_reg[15]/CK (DFF_X1)          0.00       1.10 r
  library setup time                      -0.03       1.07
  data required time                                  1.07
  -----------------------------------------------------------
  data required time                                  1.07
  data arrival time                                  -1.06
  -----------------------------------------------------------
  slack (MET)                                         0.00


1
write -f verilog $TOP_MOD_NAME -output gates.v -hierarchy
Writing verilog file '/home/home5/aahangar/proj3/part1/gates.v'.
Warning: Verilog writer has added 10 nets to module layer_16_12_1_20 using SYNOPSYS_UNCONNECTED_ as prefix.  Please use the change_names command to make the correct changes before invoking the verilog writer.  (VO-11)
Warning: Verilog 'assign' or 'tran' statements are written out. (VO-4)
1
quit

Thank you...
